mode: set
webapp/cmd/web/forms.go:10.42,12.26 2 1
webapp/cmd/web/forms.go:15.2,15.22 1 1
webapp/cmd/web/forms.go:12.26,14.3 1 1
webapp/cmd/web/forms.go:18.51,20.2 1 1
webapp/cmd/web/forms.go:27.37,32.2 1 1
webapp/cmd/web/forms.go:34.39,36.13 2 1
webapp/cmd/web/forms.go:39.2,39.13 1 1
webapp/cmd/web/forms.go:36.13,38.3 1 1
webapp/cmd/web/forms.go:42.43,43.31 1 1
webapp/cmd/web/forms.go:43.31,45.37 2 1
webapp/cmd/web/forms.go:45.37,47.4 1 1
webapp/cmd/web/forms.go:51.52,52.9 1 1
webapp/cmd/web/forms.go:52.9,54.3 1 1
webapp/cmd/web/forms.go:57.29,59.2 1 1
webapp/cmd/web/handlers.go:14.70,17.45 2 1
webapp/cmd/web/handlers.go:23.2,23.67 1 1
webapp/cmd/web/handlers.go:17.45,20.3 2 1
webapp/cmd/web/handlers.go:20.8,22.3 1 1
webapp/cmd/web/handlers.go:32.108,35.16 2 1
webapp/cmd/web/handlers.go:39.2,42.16 3 1
webapp/cmd/web/handlers.go:46.2,46.12 1 1
webapp/cmd/web/handlers.go:35.16,38.3 2 1
webapp/cmd/web/handlers.go:42.16,44.3 1 0
webapp/cmd/web/handlers.go:50.71,54.16 2 0
webapp/cmd/web/handlers.go:62.2,65.19 3 0
webapp/cmd/web/handlers.go:70.2,75.22 4 0
webapp/cmd/web/handlers.go:54.16,58.3 3 0
webapp/cmd/web/handlers.go:65.19,68.3 2 0
webapp/cmd/web/main.go:14.13,29.16 5 0
webapp/cmd/web/main.go:29.16,31.3 1 0
webapp/cmd/web/middleware.go:14.67,16.2 1 1
webapp/cmd/web/middleware.go:18.72,20.71 1 1
webapp/cmd/web/middleware.go:20.71,25.17 3 1
webapp/cmd/web/middleware.go:34.3,34.40 1 1
webapp/cmd/web/middleware.go:25.17,27.20 2 1
webapp/cmd/web/middleware.go:30.4,30.60 1 1
webapp/cmd/web/middleware.go:27.20,29.5 1 1
webapp/cmd/web/middleware.go:31.9,33.4 1 1
webapp/cmd/web/middleware.go:39.45,41.16 2 1
webapp/cmd/web/middleware.go:44.2,45.19 2 1
webapp/cmd/web/middleware.go:50.2,51.22 2 1
webapp/cmd/web/middleware.go:55.2,55.18 1 1
webapp/cmd/web/middleware.go:59.2,59.16 1 1
webapp/cmd/web/middleware.go:41.16,43.3 1 1
webapp/cmd/web/middleware.go:45.19,47.3 1 1
webapp/cmd/web/middleware.go:51.22,53.3 1 1
webapp/cmd/web/middleware.go:55.18,57.3 1 0
webapp/cmd/web/routes.go:10.47,30.2 9 1
webapp/cmd/web/sessions.go:10.39,20.2 6 1
